<?xml version="1.0" encoding="UTF-8"?>
<testsuite xmlns:xsi="http://www.w3.org/2001/XMLSchema-instance" xsi:noNamespaceSchemaLocation="https://maven.apache.org/surefire/maven-surefire-plugin/xsd/surefire-test-report.xsd" version="3.0.2" name="storage.BufferPoolTest" time="12.982" tests="13" errors="0" skipped="0" failures="0">
  <properties>
[...]
</properties>
  <testcase name="testDeleteNonCachedPageShouldFail" classname="storage.BufferPoolTest" time="0.92"/>
  <testcase name="testMultipleFetchIncrementsPinCount" classname="storage.BufferPoolTest" time="0.985"/>
  <testcase name="testFlushPage_shouldClearDirtyFlag" classname="storage.BufferPoolTest" time="1.204"/>
  <testcase name="testFlushNonExistentPageShouldFail" classname="storage.BufferPoolTest" time="0.849"/>
  <testcase name="testNewPage_shouldAllocateNewPage" classname="storage.BufferPoolTest" time="0.962"/>
  <testcase name="testMultipleUnpinShouldNotMakeNegativeCount" classname="storage.BufferPoolTest" time="0.935"/>
  <testcase name="testDeletePage_shouldRemoveFromBuffer" classname="storage.BufferPoolTest" time="0.939"/>
  <testcase name="testDifferentFilePagesManagement" classname="storage.BufferPoolTest" time="1.085"/>
  <testcase name="testNewPageFailureWhenPoolFullAndAllPinned" classname="storage.BufferPoolTest" time="0.94"/>
  <testcase name="testDirtyPageAutoFlushOnEviction" classname="storage.BufferPoolTest" time="1.02"/>
  <testcase name="testUnpinPage_shouldDecreasePinCount" classname="storage.BufferPoolTest" time="0.907"/>
  <testcase name="testFetchPage_shouldLoadFromDiskWhenNotCached" classname="storage.BufferPoolTest" time="1.004"/>
  <testcase name="testLRUReplacement" classname="storage.BufferPoolTest" time="1.149"/>
</testsuite>