<?xml version="1.0" encoding="UTF-8"?>
<testsuite xmlns:xsi="http://www.w3.org/2001/XMLSchema-instance" xsi:noNamespaceSchemaLocation="https://maven.apache.org/surefire/maven-surefire-plugin/xsd/surefire-test-report.xsd" version="3.0.2" name="value.ValueComparerTest" time="0.213" tests="25" errors="0" skipped="0" failures="0">
  <properties>
[...]
</properties>
  <testcase name="testCompareStringEqual" classname="value.ValueComparerTest" time="0.004"/>
  <testcase name="testFromByteWithUnsupportedType" classname="value.ValueComparerTest" time="0.005"/>
  <testcase name="testCompareNullBoth" classname="value.ValueComparerTest" time="0.002"/>
  <testcase name="testConstructorWithLong" classname="value.ValueComparerTest" time="0.005"/>
  <testcase name="testConstructorWithObjectAndType" classname="value.ValueComparerTest" time="0.002"/>
  <testcase name="testFromByte(byte[], ValueType, Object)[1]" classname="value.ValueComparerTest" time="0.03"/>
  <testcase name="testFromByte(byte[], ValueType, Object)[2]" classname="value.ValueComparerTest" time="0.002"/>
  <testcase name="testFromByte(byte[], ValueType, Object)[3]" classname="value.ValueComparerTest" time="0.003"/>
  <testcase name="testCompareIntegerEqual" classname="value.ValueComparerTest" time="0.001"/>
  <testcase name="testCompareFloatGreaterThan" classname="value.ValueComparerTest" time="0.002"/>
  <testcase name="testConstructorWithDouble" classname="value.ValueComparerTest" time="0.001"/>
  <testcase name="testCompareIntegerGreaterThan" classname="value.ValueComparerTest" time="0.002"/>
  <testcase name="testCompareIntegerLessThan" classname="value.ValueComparerTest" time="0.001"/>
  <testcase name="testConstructorWithString" classname="value.ValueComparerTest" time="0.002"/>
  <testcase name="testCompareNullV1" classname="value.ValueComparerTest" time="0.002"/>
  <testcase name="testCompareNullV2" classname="value.ValueComparerTest" time="0.002"/>
  <testcase name="testToByteWithUnsupportedType" classname="value.ValueComparerTest" time="0.003"/>
  <testcase name="testCompareFloatLessThan" classname="value.ValueComparerTest" time="0.001"/>
  <testcase name="testCompareStringLessThan" classname="value.ValueComparerTest" time="0.001"/>
  <testcase name="testCompareFloatEqual" classname="value.ValueComparerTest" time="0.001"/>
  <testcase name="testToByte(Object, ValueType, byte[])[1]" classname="value.ValueComparerTest" time="0.011"/>
  <testcase name="testToByte(Object, ValueType, byte[])[2]" classname="value.ValueComparerTest" time="0.002"/>
  <testcase name="testToByte(Object, ValueType, byte[])[3]" classname="value.ValueComparerTest" time="0.003"/>
  <testcase name="testCompareStringGreaterThan" classname="value.ValueComparerTest" time="0.003"/>
  <testcase name="testCompareDifferentTypes" classname="value.ValueComparerTest" time="0.003"/>
</testsuite>