<?xml version="1.0" encoding="UTF-8"?>
<testsuite xmlns:xsi="http://www.w3.org/2001/XMLSchema-instance" xsi:noNamespaceSchemaLocation="https://maven.apache.org/surefire/maven-surefire-plugin/xsd/surefire-test-report.xsd" version="3.0.2" name="system.RecordManagerTest" time="0.155" tests="5" errors="0" skipped="0" failures="1">
  <properties>
[...]
</properties>
  <testcase name="testCreateFileWithInvalidRecordSize" classname="system.RecordManagerTest" time="0.026"/>
  <testcase name="testCloseFile" classname="system.RecordManagerTest" time="0.03"/>
  <testcase name="testOpenFile" classname="system.RecordManagerTest" time="0.031"/>
  <testcase name="testCreateFile" classname="system.RecordManagerTest" time="0.017">
    <failure message="&#10;expected: 1&#10; but was: 0" type="org.opentest4j.AssertionFailedError"><![CDATA[org.opentest4j.AssertionFailedError: 

expected: 1
 but was: 0
	at java.base/jdk.internal.reflect.DirectConstructorHandleAccessor.newInstance(DirectConstructorHandleAccessor.java:62)
	at java.base/java.lang.reflect.Constructor.newInstanceWithCaller(Constructor.java:499)
	at system.RecordManagerTest.testCreateFile(RecordManagerTest.java:59)
	at java.base/java.lang.reflect.Method.invoke(Method.java:565)
	at java.base/java.util.ArrayList.forEach(ArrayList.java:1604)
	at java.base/java.util.ArrayList.forEach(ArrayList.java:1604)
]]></failure>
  </testcase>
  <testcase name="testDeleteFile" classname="system.RecordManagerTest" time="0.022"/>
</testsuite>